<?xml version="1.0" encoding="UTF-8"?>
<!-- Generated by org.testng.reporters.JUnitReportReporter -->
<testsuite hostname="DESKTOP-M454ERF" failures="0" tests="1" name="gitbash.m1Test" time="0.023" errors="0" timestamp="2023-06-02T12:52:40 GFT" skipped="0">
  <testcase classname="gitbash.m1Test" name="t1" time="0.023"/>
  <system-out>
    <![CDATA[haii]]>
  </system-out>
</testsuite> <!-- gitbash.m1Test -->
